2017-02-01 01:40:38.481 DEBUG 8144 --- [main] o.s.w.c.s.StandardServletEnvironment     : Adding [servletConfigInitParams] PropertySource with lowest search precedence
2017-02-01 01:40:38.481 DEBUG 8144 --- [main] o.s.w.c.s.StandardServletEnvironment     : Adding [servletContextInitParams] PropertySource with lowest search precedence
2017-02-01 01:40:38.482 DEBUG 8144 --- [main] o.s.w.c.s.StandardServletEnvironment     : Adding [systemProperties] PropertySource with lowest search precedence
2017-02-01 01:40:38.482 DEBUG 8144 --- [main] o.s.w.c.s.StandardServletEnvironment     : Adding [systemEnvironment] PropertySource with lowest search precedence
2017-02-01 01:40:38.482 DEBUG 8144 --- [main] o.s.w.c.s.StandardServletEnvironment     : Initialized StandardServletEnvironment with PropertySources [servletConfigInitParams,servletContextInitParams,systemProperties,systemEnvironment]
2017-02-01 01:40:38.490 DEBUG 8144 --- [main] o.s.w.c.s.StandardServletEnvironment     : Removing [defaultProperties] PropertySource
2017-02-01 01:40:38.490 DEBUG 8144 --- [main] o.s.w.c.s.StandardServletEnvironment     : Adding [defaultProperties] PropertySource with lowest search precedence
2017-02-01 01:40:38.490 DEBUG 8144 --- [main] o.s.w.c.s.StandardServletEnvironment     : Adding [applicationConfig: [classpath:/bootstrap.yml]] PropertySource with search precedence immediately higher than [defaultProperties]
2017-02-01 01:40:38.532  INFO 8144 --- [main] c.c.c.ConfigServicePropertySourceLocator : Fetching config from server at: http://config-server:8888
2017-02-01 01:40:38.555 DEBUG 8144 --- [main] o.s.web.client.RestTemplate              : Created GET request for "http://config-server:8888/deneb/default"
2017-02-01 01:40:38.616 DEBUG 8144 --- [main] o.s.web.client.RestTemplate              : Setting request Accept header to [application/json, application/*+json]
2017-02-01 01:40:39.002 DEBUG 8144 --- [main] o.s.web.client.RestTemplate              : GET request for "http://config-server:8888/deneb/default" resulted in 200 (OK)
2017-02-01 01:40:39.004 DEBUG 8144 --- [main] o.s.web.client.RestTemplate              : Reading [class org.springframework.cloud.config.environment.Environment] as "application/json;charset=UTF-8" using [org.springframework.http.converter.json.MappingJackson2HttpMessageConverter@3e2fef0c]
2017-02-01 01:40:39.026  INFO 8144 --- [main] c.c.c.ConfigServicePropertySourceLocator : Located environment: name=deneb, profiles=[default], label=null, version=null, state=null
2017-02-01 01:40:39.027  INFO 8144 --- [main] b.c.PropertySourceBootstrapConfiguration : Located property source: CompositePropertySource [name='configService', propertySources=[MapPropertySource [name='file:///D:/development/cygnus-config/deneb.yml']]]
2017-02-01 01:40:39.030 DEBUG 8144 --- [main] o.s.w.c.s.StandardServletEnvironment     : Adding [bootstrapProperties] PropertySource with highest search precedence
2017-02-01 01:40:39.072  INFO 8144 --- [main] c.a.cygnus.services.deneb.Application    : No active profile set, falling back to default profiles: default
2017-02-01 01:40:39.096  INFO 8144 --- [main] ationConfigEmbeddedWebApplicationContext : Refreshing org.springframework.boot.context.embedded.AnnotationConfigEmbeddedWebApplicationContext@4f6cbbe9: startup date [Wed Feb 01 01:40:39 CET 2017]; parent: org.springframework.context.annotation.AnnotationConfigApplicationContext@14edfab0
2017-02-01 01:40:40.228  INFO 8144 --- [main] o.s.b.f.s.DefaultListableBeanFactory     : Overriding bean definition for bean 'hystrixFeature' with a different definition: replacing [Root bean: class [null]; scope=; abstract=false; lazyInit=false; autowireMode=3; dependencyCheck=0; autowireCandidate=true; primary=false; factoryBeanName=org.springframework.cloud.netflix.hystrix.HystrixCircuitBreakerConfiguration$HystrixWebConfiguration; factoryMethodName=hystrixFeature; initMethodName=null; destroyMethodName=(inferred); defined in class path resource [org/springframework/cloud/netflix/hystrix/HystrixCircuitBreakerConfiguration$HystrixWebConfiguration.class]] with [Root bean: class [null]; scope=; abstract=false; lazyInit=false; autowireMode=3; dependencyCheck=0; autowireCandidate=true; primary=false; factoryBeanName=org.springframework.cloud.netflix.hystrix.HystrixCircuitBreakerConfiguration; factoryMethodName=hystrixFeature; initMethodName=null; destroyMethodName=(inferred); defined in class path resource [org/springframework/cloud/netflix/hystrix/HystrixCircuitBreakerConfiguration.class]]
2017-02-01 01:40:40.417  INFO 8144 --- [main] o.s.b.f.config.PropertiesFactoryBean     : Loading properties file from URL [jar:file:/D:/development/m2/repository/org/springframework/integration/spring-integration-core/4.3.5.RELEASE/spring-integration-core-4.3.5.RELEASE.jar!/META-INF/spring.integration.default.properties]
2017-02-01 01:40:40.420  INFO 8144 --- [main] o.s.i.config.IntegrationRegistrar        : No bean named 'integrationHeaderChannelRegistry' has been explicitly defined. Therefore, a default DefaultHeaderChannelRegistry will be created.
2017-02-01 01:40:40.644  WARN 8144 --- [main] o.s.c.a.ConfigurationClassPostProcessor  : Cannot enhance @Configuration bean definition 'refreshScope' since its singleton instance has been created too early. The typical cause is a non-static @Bean method with a BeanDefinitionRegistryPostProcessor return type: Consider declaring such methods as 'static'.
2017-02-01 01:40:40.836  INFO 8144 --- [main] o.s.cloud.context.scope.GenericScope     : BeanFactory id=964d6b5c-3459-3e8c-9bf3-9744a83b35f4
2017-02-01 01:40:40.844  INFO 8144 --- [main] faultConfiguringBeanFactoryPostProcessor : No bean named 'errorChannel' has been explicitly defined. Therefore, a default PublishSubscribeChannel will be created.
2017-02-01 01:40:40.850  INFO 8144 --- [main] faultConfiguringBeanFactoryPostProcessor : No bean named 'taskScheduler' has been explicitly defined. Therefore, a default ThreadPoolTaskScheduler will be created.
2017-02-01 01:40:40.861  INFO 8144 --- [main] f.a.AutowiredAnnotationBeanPostProcessor : JSR-330 'javax.inject.Inject' annotation found and supported for autowiring
2017-02-01 01:40:40.871  INFO 8144 --- [main] trationDelegate$BeanPostProcessorChecker : Bean 'org.springframework.amqp.rabbit.annotation.RabbitBootstrapConfiguration' of type [class org.springframework.amqp.rabbit.annotation.RabbitBootstrapConfiguration$$EnhancerBySpringCGLIB$$a05c8068] is not eligible for getting processed by all BeanPostProcessors (for example: not eligible for auto-proxying)
2017-02-01 01:40:41.191  INFO 8144 --- [main] trationDelegate$BeanPostProcessorChecker : Bean 'org.springframework.cloud.netflix.metrics.MetricsInterceptorConfiguration$MetricsRestTemplateConfiguration' of type [class org.springframework.cloud.netflix.metrics.MetricsInterceptorConfiguration$MetricsRestTemplateConfiguration$$EnhancerBySpringCGLIB$$c1d687b] is not eligible for getting processed by all BeanPostProcessors (for example: not eligible for auto-proxying)
2017-02-01 01:40:41.268  INFO 8144 --- [main] o.s.b.f.config.PropertiesFactoryBean     : Loading properties file from URL [jar:file:/D:/development/m2/repository/org/springframework/integration/spring-integration-core/4.3.5.RELEASE/spring-integration-core-4.3.5.RELEASE.jar!/META-INF/spring.integration.default.properties]
2017-02-01 01:40:41.269  INFO 8144 --- [main] trationDelegate$BeanPostProcessorChecker : Bean 'integrationGlobalProperties' of type [class org.springframework.beans.factory.config.PropertiesFactoryBean] is not eligible for getting processed by all BeanPostProcessors (for example: not eligible for auto-proxying)
2017-02-01 01:40:41.276  INFO 8144 --- [main] trationDelegate$BeanPostProcessorChecker : Bean 'integrationGlobalProperties' of type [class java.util.Properties] is not eligible for getting processed by all BeanPostProcessors (for example: not eligible for auto-proxying)
2017-02-01 01:40:41.347  INFO 8144 --- [main] trationDelegate$BeanPostProcessorChecker : Bean 'org.springframework.cloud.autoconfigure.ConfigurationPropertiesRebinderAutoConfiguration' of type [class org.springframework.cloud.autoconfigure.ConfigurationPropertiesRebinderAutoConfiguration$$EnhancerBySpringCGLIB$$f60ac537] is not eligible for getting processed by all BeanPostProcessors (for example: not eligible for auto-proxying)
2017-02-01 01:40:41.364  INFO 8144 --- [main] trationDelegate$BeanPostProcessorChecker : Bean 'org.springframework.cloud.stream.config.ChannelBindingServiceConfiguration$PostProcessorConfiguration' of type [class org.springframework.cloud.stream.config.ChannelBindingServiceConfiguration$PostProcessorConfiguration$$EnhancerBySpringCGLIB$$d1bb5ac6] is not eligible for getting processed by all BeanPostProcessors (for example: not eligible for auto-proxying)
2017-02-01 01:40:41.813  INFO 8144 --- [main] org.xnio                                 : XNIO version 3.3.6.Final
2017-02-01 01:40:41.835  INFO 8144 --- [main] org.xnio.nio                             : XNIO NIO Implementation Version 3.3.6.Final
2017-02-01 01:40:41.886  WARN 8144 --- [main] io.undertow.websockets.jsr               : UT026009: XNIO worker was not set on WebSocketDeploymentInfo, the default worker will be used
2017-02-01 01:40:41.887  WARN 8144 --- [main] io.undertow.websockets.jsr               : UT026010: Buffer pool was not set on WebSocketDeploymentInfo, the default pool will be used
2017-02-01 01:40:41.903  INFO 8144 --- [main] io.undertow.servlet                      : Initializing Spring embedded WebApplicationContext
2017-02-01 01:40:41.904  INFO 8144 --- [main] o.s.web.context.ContextLoader            : Root WebApplicationContext: initialization completed in 2808 ms
2017-02-01 01:40:42.706  INFO 8144 --- [main] o.s.b.w.servlet.ServletRegistrationBean  : Mapping servlet: 'dispatcherServlet' to [/]
2017-02-01 01:40:42.711  INFO 8144 --- [main] o.s.b.w.servlet.FilterRegistrationBean   : Mapping filter: 'metricsFilter' to: [/*]
2017-02-01 01:40:42.712  INFO 8144 --- [main] o.s.b.w.servlet.FilterRegistrationBean   : Mapping filter: 'characterEncodingFilter' to: [/*]
2017-02-01 01:40:42.712  INFO 8144 --- [main] o.s.b.w.servlet.FilterRegistrationBean   : Mapping filter: 'hiddenHttpMethodFilter' to: [/*]
2017-02-01 01:40:42.712  INFO 8144 --- [main] o.s.b.w.servlet.FilterRegistrationBean   : Mapping filter: 'httpPutFormContentFilter' to: [/*]
2017-02-01 01:40:42.713  INFO 8144 --- [main] o.s.b.w.servlet.FilterRegistrationBean   : Mapping filter: 'requestContextFilter' to: [/*]
2017-02-01 01:40:42.713  INFO 8144 --- [main] o.s.b.w.servlet.FilterRegistrationBean   : Mapping filter: 'webRequestLoggingFilter' to: [/*]
2017-02-01 01:40:42.713  INFO 8144 --- [main] o.s.b.w.servlet.FilterRegistrationBean   : Mapping filter: 'applicationContextIdFilter' to: [/*]
2017-02-01 01:40:44.057  INFO 8144 --- [main] s.w.s.m.m.a.RequestMappingHandlerMapping : Mapped "{[/deneb/pingSadr],methods=[POST]}" onto public com.atsistemas.cygnus.model.PingResponse com.atsistemas.cygnus.services.deneb.DenebController.pingSadr(com.atsistemas.cygnus.model.PingRequest)
2017-02-01 01:40:44.058  INFO 8144 --- [main] s.w.s.m.m.a.RequestMappingHandlerMapping : Mapped "{[/deneb/ping],methods=[POST]}" onto public com.atsistemas.cygnus.model.PingResponse com.atsistemas.cygnus.services.deneb.DenebController.ping(com.atsistemas.cygnus.model.PingRequest)
2017-02-01 01:40:44.058  INFO 8144 --- [main] s.w.s.m.m.a.RequestMappingHandlerMapping : Mapped "{[/v2/api-docs],methods=[GET],produces=[application/json || application/hal+json]}" onto public org.springframework.http.ResponseEntity<springfox.documentation.spring.web.json.Json> springfox.documentation.swagger2.web.Swagger2Controller.getDocumentation(java.lang.String,javax.servlet.http.HttpServletRequest)
2017-02-01 01:40:44.061  INFO 8144 --- [main] s.w.s.m.m.a.RequestMappingHandlerMapping : Mapped "{[/swagger-resources/configuration/ui]}" onto org.springframework.http.ResponseEntity<springfox.documentation.swagger.web.UiConfiguration> springfox.documentation.swagger.web.ApiResourceController.uiConfiguration()
2017-02-01 01:40:44.061  INFO 8144 --- [main] s.w.s.m.m.a.RequestMappingHandlerMapping : Mapped "{[/swagger-resources]}" onto org.springframework.http.ResponseEntity<java.util.List<springfox.documentation.swagger.web.SwaggerResource>> springfox.documentation.swagger.web.ApiResourceController.swaggerResources()
2017-02-01 01:40:44.062  INFO 8144 --- [main] s.w.s.m.m.a.RequestMappingHandlerMapping : Mapped "{[/swagger-resources/configuration/security]}" onto org.springframework.http.ResponseEntity<springfox.documentation.swagger.web.SecurityConfiguration> springfox.documentation.swagger.web.ApiResourceController.securityConfiguration()
2017-02-01 01:40:44.064  INFO 8144 --- [main] s.w.s.m.m.a.RequestMappingHandlerMapping : Mapped "{[/error]}" onto public org.springframework.http.ResponseEntity<java.util.Map<java.lang.String, java.lang.Object>> org.springframework.boot.autoconfigure.web.BasicErrorController.error(javax.servlet.http.HttpServletRequest)
2017-02-01 01:40:44.064  INFO 8144 --- [main] s.w.s.m.m.a.RequestMappingHandlerMapping : Mapped "{[/error],produces=[text/html]}" onto public org.springframework.web.servlet.ModelAndView org.springframework.boot.autoconfigure.web.BasicErrorController.errorHtml(javax.servlet.http.HttpServletRequest,javax.servlet.http.HttpServletResponse)
2017-02-01 01:40:44.157  WARN 8144 --- [main] c.n.c.sources.URLConfigurationSource     : No URLs will be polled as dynamic configuration sources.
2017-02-01 01:40:44.158  INFO 8144 --- [main] c.n.c.sources.URLConfigurationSource     : To enable URLs as dynamic configuration sources, define System property archaius.configurationSource.additionalUrls or make config.properties available on classpath.
2017-02-01 01:40:44.164  INFO 8144 --- [main] c.netflix.config.DynamicPropertyFactory  : DynamicPropertyFactory is initialized with configuration sources: com.netflix.config.ConcurrentCompositeConfiguration@69eb62ec
2017-02-01 01:40:45.933  INFO 8144 --- [main] o.s.b.a.e.mvc.EndpointHandlerMapping     : Mapped "{[/info || /info.json],methods=[GET],produces=[application/json]}" onto public java.lang.Object org.springframework.boot.actuate.endpoint.mvc.EndpointMvcAdapter.invoke()
2017-02-01 01:40:45.934  INFO 8144 --- [main] o.s.b.a.e.mvc.EndpointHandlerMapping     : Mapped "{[/env/{name:.*}],methods=[GET],produces=[application/json]}" onto public java.lang.Object org.springframework.boot.actuate.endpoint.mvc.EnvironmentMvcEndpoint.value(java.lang.String)
2017-02-01 01:40:45.935  INFO 8144 --- [main] o.s.b.a.e.mvc.EndpointHandlerMapping     : Mapped "{[/env || /env.json],methods=[GET],produces=[application/json]}" onto public java.lang.Object org.springframework.boot.actuate.endpoint.mvc.EndpointMvcAdapter.invoke()
2017-02-01 01:40:45.935  INFO 8144 --- [main] o.s.b.a.e.mvc.EndpointHandlerMapping     : Mapped "{[/trace || /trace.json],methods=[GET],produces=[application/json]}" onto public java.lang.Object org.springframework.boot.actuate.endpoint.mvc.EndpointMvcAdapter.invoke()
2017-02-01 01:40:45.936  INFO 8144 --- [main] o.s.b.a.e.mvc.EndpointHandlerMapping     : Mapped "{[/health || /health.json],produces=[application/json]}" onto public java.lang.Object org.springframework.boot.actuate.endpoint.mvc.HealthMvcEndpoint.invoke(java.security.Principal)
2017-02-01 01:40:45.937  INFO 8144 --- [main] o.s.b.a.e.mvc.EndpointHandlerMapping     : Mapped "{[/bus/refresh],methods=[POST]}" onto public void org.springframework.cloud.bus.endpoint.RefreshBusEndpoint.refresh(java.lang.String)
2017-02-01 01:40:45.938  INFO 8144 --- [main] o.s.b.a.e.mvc.EndpointHandlerMapping     : Mapped "{[/logfile || /logfile.json],methods=[GET || HEAD]}" onto public void org.springframework.boot.actuate.endpoint.mvc.LogFileMvcEndpoint.invoke(javax.servlet.http.HttpServletRequest,javax.servlet.http.HttpServletResponse) throws javax.servlet.ServletException,java.io.IOException
2017-02-01 01:40:45.938  INFO 8144 --- [main] o.s.b.a.e.mvc.EndpointHandlerMapping     : Mapped "{[/restart || /restart.json],methods=[POST]}" onto public java.lang.Object org.springframework.cloud.context.restart.RestartMvcEndpoint.invoke()
2017-02-01 01:40:45.940  INFO 8144 --- [main] o.s.b.a.e.mvc.EndpointHandlerMapping     : Mapped "{[/configprops || /configprops.json],methods=[GET],produces=[application/json]}" onto public java.lang.Object org.springframework.boot.actuate.endpoint.mvc.EndpointMvcAdapter.invoke()
2017-02-01 01:40:45.941  INFO 8144 --- [main] o.s.b.a.e.mvc.EndpointHandlerMapping     : Mapped "{[/heapdump || /heapdump.json],methods=[GET],produces=[application/octet-stream]}" onto public void org.springframework.boot.actuate.endpoint.mvc.HeapdumpMvcEndpoint.invoke(boolean,javax.servlet.http.HttpServletRequest,javax.servlet.http.HttpServletResponse) throws java.io.IOException,javax.servlet.ServletException
2017-02-01 01:40:45.942  INFO 8144 --- [main] o.s.b.a.e.mvc.EndpointHandlerMapping     : Mapped "{[/beans || /beans.json],methods=[GET],produces=[application/json]}" onto public java.lang.Object org.springframework.boot.actuate.endpoint.mvc.EndpointMvcAdapter.invoke()
2017-02-01 01:40:45.942  INFO 8144 --- [main] o.s.b.a.e.mvc.EndpointHandlerMapping     : Mapped "{[/dump || /dump.json],methods=[GET],produces=[application/json]}" onto public java.lang.Object org.springframework.boot.actuate.endpoint.mvc.EndpointMvcAdapter.invoke()
2017-02-01 01:40:45.944  INFO 8144 --- [main] o.s.b.a.e.mvc.EndpointHandlerMapping     : Mapped "{[/pause || /pause.json],methods=[POST]}" onto public java.lang.Object org.springframework.cloud.endpoint.GenericPostableMvcEndpoint.invoke()
2017-02-01 01:40:45.945  INFO 8144 --- [main] o.s.b.a.e.mvc.EndpointHandlerMapping     : Mapped "{[/refresh || /refresh.json],methods=[POST]}" onto public java.lang.Object org.springframework.cloud.endpoint.GenericPostableMvcEndpoint.invoke()
2017-02-01 01:40:45.946  INFO 8144 --- [main] o.s.b.a.e.mvc.EndpointHandlerMapping     : Mapped "{[/mappings || /mappings.json],methods=[GET],produces=[application/json]}" onto public java.lang.Object org.springframework.boot.actuate.endpoint.mvc.EndpointMvcAdapter.invoke()
2017-02-01 01:40:45.948  INFO 8144 --- [main] o.s.b.a.e.mvc.EndpointHandlerMapping     : Mapped "{[/archaius || /archaius.json],methods=[GET],produces=[application/json]}" onto public java.lang.Object org.springframework.boot.actuate.endpoint.mvc.EndpointMvcAdapter.invoke()
2017-02-01 01:40:45.948  INFO 8144 --- [main] o.s.b.a.e.mvc.EndpointHandlerMapping     : Mapped "{[/env],methods=[POST]}" onto public java.lang.Object org.springframework.cloud.context.environment.EnvironmentManagerMvcEndpoint.value(java.util.Map<java.lang.String, java.lang.String>)
2017-02-01 01:40:45.949  INFO 8144 --- [main] o.s.b.a.e.mvc.EndpointHandlerMapping     : Mapped "{[/env/reset],methods=[POST]}" onto public java.util.Map<java.lang.String, java.lang.Object> org.springframework.cloud.context.environment.EnvironmentManagerMvcEndpoint.reset()
2017-02-01 01:40:45.950  INFO 8144 --- [main] o.s.b.a.e.mvc.EndpointHandlerMapping     : Mapped "{[/metrics/{name:.*}],methods=[GET],produces=[application/json]}" onto public java.lang.Object org.springframework.boot.actuate.endpoint.mvc.MetricsMvcEndpoint.value(java.lang.String)
2017-02-01 01:40:45.950  INFO 8144 --- [main] o.s.b.a.e.mvc.EndpointHandlerMapping     : Mapped "{[/metrics || /metrics.json],methods=[GET],produces=[application/json]}" onto public java.lang.Object org.springframework.boot.actuate.endpoint.mvc.EndpointMvcAdapter.invoke()
2017-02-01 01:40:45.950  INFO 8144 --- [main] o.s.b.a.e.mvc.EndpointHandlerMapping     : Mapped "{[/autoconfig || /autoconfig.json],methods=[GET],produces=[application/json]}" onto public java.lang.Object org.springframework.boot.actuate.endpoint.mvc.EndpointMvcAdapter.invoke()
2017-02-01 01:40:45.951  INFO 8144 --- [main] o.s.b.a.e.mvc.EndpointHandlerMapping     : Mapped "{[/hystrix.stream/**]}" onto public org.springframework.web.servlet.ModelAndView org.springframework.cloud.netflix.endpoint.ServletWrappingEndpoint.handle(javax.servlet.http.HttpServletRequest,javax.servlet.http.HttpServletResponse) throws java.lang.Exception
2017-02-01 01:40:45.956  INFO 8144 --- [main] o.s.b.a.e.mvc.EndpointHandlerMapping     : Mapped "{[/resume || /resume.json],methods=[POST]}" onto public java.lang.Object org.springframework.cloud.endpoint.GenericPostableMvcEndpoint.invoke()
2017-02-01 01:40:45.957  INFO 8144 --- [main] o.s.b.a.e.mvc.EndpointHandlerMapping     : Mapped "{[/features || /features.json],methods=[GET],produces=[application/json]}" onto public java.lang.Object org.springframework.boot.actuate.endpoint.mvc.EndpointMvcAdapter.invoke()
2017-02-01 01:40:45.957  INFO 8144 --- [main] o.s.b.a.e.mvc.EndpointHandlerMapping     : Mapped "{[/bus/env],methods=[POST]}" onto public void org.springframework.cloud.bus.endpoint.EnvironmentBusEndpoint.env(java.util.Map<java.lang.String, java.lang.String>,java.lang.String)
2017-02-01 01:40:46.419  INFO 8144 --- [main] s.w.s.m.m.a.RequestMappingHandlerAdapter : Looking for @ControllerAdvice: org.springframework.boot.context.embedded.AnnotationConfigEmbeddedWebApplicationContext@4f6cbbe9: startup date [Wed Feb 01 01:40:39 CET 2017]; parent: org.springframework.context.annotation.AnnotationConfigApplicationContext@14edfab0
2017-02-01 01:40:46.586  INFO 8144 --- [main] o.s.w.s.handler.SimpleUrlHandlerMapping  : Mapped URL path [/webjars/**] onto handler of type [class org.springframework.web.servlet.resource.ResourceHttpRequestHandler]
2017-02-01 01:40:46.586  INFO 8144 --- [main] o.s.w.s.handler.SimpleUrlHandlerMapping  : Mapped URL path [/**] onto handler of type [class org.springframework.web.servlet.resource.ResourceHttpRequestHandler]
2017-02-01 01:40:46.688  INFO 8144 --- [main] o.s.w.s.handler.SimpleUrlHandlerMapping  : Mapped URL path [/**/favicon.ico] onto handler of type [class org.springframework.web.servlet.resource.ResourceHttpRequestHandler]
2017-02-01 01:40:46.749  INFO 8144 --- [main] oConfiguration$WelcomePageHandlerMapping : Adding welcome page: class path resource [static/index.html]
2017-02-01 01:40:47.113  INFO 8144 --- [main] o.s.s.c.ThreadPoolTaskScheduler          : Initializing ExecutorService  'taskScheduler'
2017-02-01 01:40:47.703  INFO 8144 --- [main] o.s.integration.channel.DirectChannel    : Channel 'deneb:2221.springCloudBusInput' has 1 subscriber(s).
2017-02-01 01:40:47.830  WARN 8144 --- [main] c.n.c.sources.URLConfigurationSource     : No URLs will be polled as dynamic configuration sources.
2017-02-01 01:40:47.830  INFO 8144 --- [main] c.n.c.sources.URLConfigurationSource     : To enable URLs as dynamic configuration sources, define System property archaius.configurationSource.additionalUrls or make config.properties available on classpath.
2017-02-01 01:40:47.950  INFO 8144 --- [main] o.s.i.codec.kryo.CompositeKryoRegistrar  : configured Kryo registration [40, java.io.File] with serializer org.springframework.integration.codec.kryo.FileSerializer
2017-02-01 01:40:48.144  INFO 8144 --- [main] o.s.j.e.a.AnnotationMBeanExporter        : Registering beans for JMX exposure on startup
2017-02-01 01:40:48.162  INFO 8144 --- [main] o.s.j.e.a.AnnotationMBeanExporter        : Bean with name 'refreshScope' has been autodetected for JMX exposure
2017-02-01 01:40:48.163  INFO 8144 --- [main] o.s.j.e.a.AnnotationMBeanExporter        : Bean with name 'environmentManager' has been autodetected for JMX exposure
2017-02-01 01:40:48.164  INFO 8144 --- [main] o.s.j.e.a.AnnotationMBeanExporter        : Bean with name 'rabbitConnectionFactory' has been autodetected for JMX exposure
2017-02-01 01:40:48.165  INFO 8144 --- [main] o.s.j.e.a.AnnotationMBeanExporter        : Bean with name 'integrationMbeanExporter' has been autodetected for JMX exposure
2017-02-01 01:40:48.167  INFO 8144 --- [main] o.s.j.e.a.AnnotationMBeanExporter        : Bean with name 'configurationPropertiesRebinder' has been autodetected for JMX exposure
2017-02-01 01:40:48.168  INFO 8144 --- [main] o.s.j.e.a.AnnotationMBeanExporter        : Bean with name 'refreshEndpoint' has been autodetected for JMX exposure
2017-02-01 01:40:48.169  INFO 8144 --- [main] o.s.j.e.a.AnnotationMBeanExporter        : Bean with name 'restartEndpoint' has been autodetected for JMX exposure
2017-02-01 01:40:48.173  INFO 8144 --- [main] o.s.j.e.a.AnnotationMBeanExporter        : Located managed bean 'environmentManager': registering with JMX server as MBean [org.springframework.cloud.context.environment:name=environmentManager,type=EnvironmentManager]
2017-02-01 01:40:48.188  INFO 8144 --- [main] o.s.j.e.a.AnnotationMBeanExporter        : Located managed bean 'restartEndpoint': registering with JMX server as MBean [org.springframework.cloud.context.restart:name=restartEndpoint,type=RestartEndpoint]
2017-02-01 01:40:48.201  INFO 8144 --- [main] o.s.j.e.a.AnnotationMBeanExporter        : Located managed bean 'refreshScope': registering with JMX server as MBean [org.springframework.cloud.context.scope.refresh:name=refreshScope,type=RefreshScope]
2017-02-01 01:40:48.218  INFO 8144 --- [main] o.s.j.e.a.AnnotationMBeanExporter        : Located managed bean 'integrationMbeanExporter': registering with JMX server as MBean [org.springframework.integration.monitor:name=integrationMbeanExporter,type=IntegrationMBeanExporter]
2017-02-01 01:40:48.242  INFO 8144 --- [main] o.s.j.e.a.AnnotationMBeanExporter        : Located managed bean 'configurationPropertiesRebinder': registering with JMX server as MBean [org.springframework.cloud.context.properties:name=configurationPropertiesRebinder,context=4f6cbbe9,type=ConfigurationPropertiesRebinder]
2017-02-01 01:40:48.246  INFO 8144 --- [main] o.s.j.e.a.AnnotationMBeanExporter        : Located managed bean 'rabbitConnectionFactory': registering with JMX server as MBean [org.springframework.amqp.rabbit.connection:name=rabbitConnectionFactory,type=CachingConnectionFactory]
2017-02-01 01:40:48.254  INFO 8144 --- [main] o.s.j.e.a.AnnotationMBeanExporter        : Located managed bean 'refreshEndpoint': registering with JMX server as MBean [org.springframework.cloud.endpoint:name=refreshEndpoint,type=RefreshEndpoint]
2017-02-01 01:40:48.259  INFO 8144 --- [main] o.s.i.monitor.IntegrationMBeanExporter   : Registering beans for JMX exposure on startup
2017-02-01 01:40:48.261  INFO 8144 --- [main] o.s.i.monitor.IntegrationMBeanExporter   : Registering MessageChannel nullChannel
2017-02-01 01:40:48.267  INFO 8144 --- [main] o.s.i.monitor.IntegrationMBeanExporter   : Located managed bean 'org.springframework.integration:type=MessageChannel,name=nullChannel': registering with JMX server as MBean [org.springframework.integration:type=MessageChannel,name=nullChannel]
2017-02-01 01:40:48.280  INFO 8144 --- [main] o.s.i.monitor.IntegrationMBeanExporter   : Registering MessageChannel errorChannel
2017-02-01 01:40:48.282  INFO 8144 --- [main] o.s.i.monitor.IntegrationMBeanExporter   : Located managed bean 'org.springframework.integration:type=MessageChannel,name=errorChannel': registering with JMX server as MBean [org.springframework.integration:type=MessageChannel,name=errorChannel]
2017-02-01 01:40:48.322  INFO 8144 --- [main] o.s.i.monitor.IntegrationMBeanExporter   : Registering MessageChannel springCloudBusOutput
2017-02-01 01:40:48.325  INFO 8144 --- [main] o.s.i.monitor.IntegrationMBeanExporter   : Located managed bean 'org.springframework.integration:type=MessageChannel,name=springCloudBusOutput': registering with JMX server as MBean [org.springframework.integration:type=MessageChannel,name=springCloudBusOutput]
2017-02-01 01:40:48.339  INFO 8144 --- [main] o.s.i.monitor.IntegrationMBeanExporter   : Registering MessageChannel springCloudBusInput
2017-02-01 01:40:48.341  INFO 8144 --- [main] o.s.i.monitor.IntegrationMBeanExporter   : Located managed bean 'org.springframework.integration:type=MessageChannel,name=springCloudBusInput': registering with JMX server as MBean [org.springframework.integration:type=MessageChannel,name=springCloudBusInput]
2017-02-01 01:40:48.371  INFO 8144 --- [main] o.s.i.monitor.IntegrationMBeanExporter   : Located managed bean 'org.springframework.integration:type=MessageHandler,name=errorLogger,bean=internal': registering with JMX server as MBean [org.springframework.integration:type=MessageHandler,name=errorLogger,bean=internal]
2017-02-01 01:40:48.624  INFO 8144 --- [main] o.s.c.support.DefaultLifecycleProcessor  : Starting beans in phase -2147482648
2017-02-01 01:40:49.017  INFO 8144 --- [main] s.c.a.AnnotationConfigApplicationContext : Refreshing org.springframework.context.annotation.AnnotationConfigApplicationContext@62b4ccdd: startup date [Wed Feb 01 01:40:49 CET 2017]; root of context hierarchy
2017-02-01 01:40:49.034  INFO 8144 --- [main] f.a.AutowiredAnnotationBeanPostProcessor : JSR-330 'javax.inject.Inject' annotation found and supported for autowiring
2017-02-01 01:40:49.041  INFO 8144 --- [main] trationDelegate$BeanPostProcessorChecker : Bean 'org.springframework.retry.annotation.RetryConfiguration' of type [class org.springframework.retry.annotation.RetryConfiguration$$EnhancerBySpringCGLIB$$cfb45a5f] is not eligible for getting processed by all BeanPostProcessors (for example: not eligible for auto-proxying)
2017-02-01 01:40:49.041  INFO 8144 --- [main] trationDelegate$BeanPostProcessorChecker : Bean 'configurationPropertiesRebinderAutoConfiguration' of type [class org.springframework.cloud.autoconfigure.ConfigurationPropertiesRebinderAutoConfiguration$$EnhancerBySpringCGLIB$$f60ac537] is not eligible for getting processed by all BeanPostProcessors (for example: not eligible for auto-proxying)
2017-02-01 01:40:49.485  INFO 8144 --- [main] c.c.c.ConfigServicePropertySourceLocator : Fetching config from server at: http://config-server:8888
2017-02-01 01:40:49.844  INFO 8144 --- [main] c.c.c.ConfigServicePropertySourceLocator : Located environment: name=deneb, profiles=[default], label=null, version=null, state=null
2017-02-01 01:40:49.845  INFO 8144 --- [main] b.c.PropertySourceBootstrapConfiguration : Located property source: CompositePropertySource [name='configService', propertySources=[MapPropertySource [name='file:///D:/development/cygnus-config/deneb.yml']]]
2017-02-01 01:40:49.855  INFO 8144 --- [main] c.a.cygnus.services.deneb.Application    : No active profile set, falling back to default profiles: default
2017-02-01 01:40:49.858  INFO 8144 --- [main] s.c.a.AnnotationConfigApplicationContext : Refreshing org.springframework.context.annotation.AnnotationConfigApplicationContext@53af7f82: startup date [Wed Feb 01 01:40:49 CET 2017]; parent: org.springframework.boot.context.embedded.AnnotationConfigEmbeddedWebApplicationContext@4f6cbbe9
2017-02-01 01:40:49.889  INFO 8144 --- [main] f.a.AutowiredAnnotationBeanPostProcessor : JSR-330 'javax.inject.Inject' annotation found and supported for autowiring
2017-02-01 01:40:49.967  INFO 8144 --- [main] o.s.c.support.GenericApplicationContext  : Refreshing org.springframework.context.support.GenericApplicationContext@4a3bd849: startup date [Wed Feb 01 01:40:49 CET 2017]; root of context hierarchy
2017-02-01 01:40:50.002  INFO 8144 --- [main] c.a.cygnus.services.deneb.Application    : Started Application in 1.358 seconds (JVM running for 19.621)
2017-02-01 01:40:50.079  INFO 8144 --- [main] o.s.a.r.c.CachingConnectionFactory       : Created new connection: SimpleConnection@448f6e58 [delegate=amqp://guest@127.0.0.1:5672/, localPort= 50056]
2017-02-01 01:40:50.117  INFO 8144 --- [main] o.s.integration.channel.DirectChannel    : Channel 'deneb:2221.springCloudBusOutput' has 1 subscriber(s).
2017-02-01 01:40:50.118  INFO 8144 --- [main] o.s.c.support.DefaultLifecycleProcessor  : Starting beans in phase 0
2017-02-01 01:40:50.127  INFO 8144 --- [main] o.s.c.n.eureka.InstanceInfoFactory       : Setting initial instance status as: STARTING
2017-02-01 01:40:50.993  INFO 8144 --- [main] c.n.e.EurekaDiscoveryClientConfiguration : Registering application deneb with eureka with status UP
2017-02-01 01:40:51.062  INFO 8144 --- [main] o.s.i.endpoint.EventDrivenConsumer       : Adding {logging-channel-adapter:_org.springframework.integration.errorLogger} as a subscriber to the 'errorChannel' channel
2017-02-01 01:40:51.062  INFO 8144 --- [main] o.s.i.channel.PublishSubscribeChannel    : Channel 'deneb:2221.errorChannel' has 1 subscriber(s).
2017-02-01 01:40:51.063  INFO 8144 --- [main] o.s.i.endpoint.EventDrivenConsumer       : started _org.springframework.integration.errorLogger
2017-02-01 01:40:51.063  INFO 8144 --- [main] o.s.c.support.DefaultLifecycleProcessor  : Starting beans in phase 2147482647
2017-02-01 01:40:51.074  INFO 8144 --- [main] o.s.c.s.b.r.RabbitMessageChannelBinder   : declaring queue for inbound: springCloudBus.anonymous.Wf9YNNyFTh2Qiu377MdEuw, bound to: springCloudBus
2017-02-01 01:40:51.113  INFO 8144 --- [main] o.s.i.a.i.AmqpInboundChannelAdapter      : started inbound.springCloudBus.anonymous.lX4DmnTETayaXUn1XfLfUw
2017-02-01 01:40:51.114  INFO 8144 --- [main] o.s.i.endpoint.EventDrivenConsumer       : Adding {message-handler:inbound.springCloudBus.default} as a subscriber to the 'bridge.springCloudBus' channel
2017-02-01 01:40:51.114  INFO 8144 --- [main] o.s.i.endpoint.EventDrivenConsumer       : started inbound.springCloudBus.default
2017-02-01 01:40:51.115  INFO 8144 --- [main] o.s.c.support.DefaultLifecycleProcessor  : Starting beans in phase 2147483647
2017-02-01 01:40:51.115  INFO 8144 --- [main] d.s.w.p.DocumentationPluginsBootstrapper : Context refreshed
2017-02-01 01:40:51.133  INFO 8144 --- [main] d.s.w.p.DocumentationPluginsBootstrapper : Found 1 custom documentation plugin(s)
2017-02-01 01:40:51.155  INFO 8144 --- [main] s.d.s.w.s.ApiListingReferenceScanner     : Scanning for api listing references
2017-02-01 01:40:51.289  INFO 8144 --- [main] ration$HystrixMetricsPollerConfiguration : Starting poller
2017-02-01 01:40:51.381  INFO 8144 --- [main] b.c.e.u.UndertowEmbeddedServletContainer : Undertow started on port(s) 2221 (http)
2017-02-01 01:40:51.382  INFO 8144 --- [main] c.n.e.EurekaDiscoveryClientConfiguration : Updating port to 2221
2017-02-01 01:40:51.385  INFO 8144 --- [main] c.a.cygnus.services.deneb.Application    : Started Application in 15.115 seconds (JVM running for 21.004)
2017-02-01 01:41:03.916  INFO 8144 --- [XNIO-2 task-1] io.undertow.servlet                      : Initializing Spring FrameworkServlet 'dispatcherServlet'
2017-02-01 01:41:03.917  INFO 8144 --- [XNIO-2 task-1] o.s.web.servlet.DispatcherServlet        : FrameworkServlet 'dispatcherServlet': initialization started
2017-02-01 01:41:03.946  INFO 8144 --- [XNIO-2 task-1] o.s.web.servlet.DispatcherServlet        : FrameworkServlet 'dispatcherServlet': initialization completed in 29 ms
2017-02-01 01:42:13.463  INFO 8144 --- [springCloudBus.anonymous.Wf9YNNyFTh2Qiu377MdEuw-1] s.c.a.AnnotationConfigApplicationContext : Refreshing org.springframework.context.annotation.AnnotationConfigApplicationContext@509a765d: startup date [Wed Feb 01 01:42:13 CET 2017]; root of context hierarchy
2017-02-01 01:42:13.490  INFO 8144 --- [springCloudBus.anonymous.Wf9YNNyFTh2Qiu377MdEuw-1] f.a.AutowiredAnnotationBeanPostProcessor : JSR-330 'javax.inject.Inject' annotation found and supported for autowiring
2017-02-01 01:42:13.515  INFO 8144 --- [springCloudBus.anonymous.Wf9YNNyFTh2Qiu377MdEuw-1] trationDelegate$BeanPostProcessorChecker : Bean 'org.springframework.retry.annotation.RetryConfiguration' of type [class org.springframework.retry.annotation.RetryConfiguration$$EnhancerBySpringCGLIB$$cfb45a5f] is not eligible for getting processed by all BeanPostProcessors (for example: not eligible for auto-proxying)
2017-02-01 01:42:13.523  INFO 8144 --- [springCloudBus.anonymous.Wf9YNNyFTh2Qiu377MdEuw-1] trationDelegate$BeanPostProcessorChecker : Bean 'configurationPropertiesRebinderAutoConfiguration' of type [class org.springframework.cloud.autoconfigure.ConfigurationPropertiesRebinderAutoConfiguration$$EnhancerBySpringCGLIB$$f60ac537] is not eligible for getting processed by all BeanPostProcessors (for example: not eligible for auto-proxying)
2017-02-01 01:42:14.128  INFO 8144 --- [springCloudBus.anonymous.Wf9YNNyFTh2Qiu377MdEuw-1] c.c.c.ConfigServicePropertySourceLocator : Fetching config from server at: http://config-server:8888
2017-02-01 01:42:14.543  INFO 8144 --- [springCloudBus.anonymous.Wf9YNNyFTh2Qiu377MdEuw-1] c.c.c.ConfigServicePropertySourceLocator : Located environment: name=deneb, profiles=[default], label=null, version=null, state=null
2017-02-01 01:42:14.543  INFO 8144 --- [springCloudBus.anonymous.Wf9YNNyFTh2Qiu377MdEuw-1] b.c.PropertySourceBootstrapConfiguration : Located property source: CompositePropertySource [name='configService', propertySources=[MapPropertySource [name='file:///D:/development/cygnus-config/deneb.yml']]]
2017-02-01 01:42:14.552  INFO 8144 --- [springCloudBus.anonymous.Wf9YNNyFTh2Qiu377MdEuw-1] o.s.boot.SpringApplication               : No active profile set, falling back to default profiles: default
2017-02-01 01:42:14.554  INFO 8144 --- [springCloudBus.anonymous.Wf9YNNyFTh2Qiu377MdEuw-1] s.c.a.AnnotationConfigApplicationContext : Refreshing org.springframework.context.annotation.AnnotationConfigApplicationContext@6f182258: startup date [Wed Feb 01 01:42:14 CET 2017]; parent: org.springframework.context.annotation.AnnotationConfigApplicationContext@509a765d
2017-02-01 01:42:14.560  INFO 8144 --- [springCloudBus.anonymous.Wf9YNNyFTh2Qiu377MdEuw-1] f.a.AutowiredAnnotationBeanPostProcessor : JSR-330 'javax.inject.Inject' annotation found and supported for autowiring
2017-02-01 01:42:14.577  INFO 8144 --- [springCloudBus.anonymous.Wf9YNNyFTh2Qiu377MdEuw-1] o.s.boot.SpringApplication               : Started application in 1.647 seconds (JVM running for 104.197)
2017-02-01 01:42:14.578  INFO 8144 --- [springCloudBus.anonymous.Wf9YNNyFTh2Qiu377MdEuw-1] s.c.a.AnnotationConfigApplicationContext : Closing org.springframework.context.annotation.AnnotationConfigApplicationContext@6f182258: startup date [Wed Feb 01 01:42:14 CET 2017]; parent: org.springframework.context.annotation.AnnotationConfigApplicationContext@509a765d
2017-02-01 01:42:15.103  INFO 8144 --- [springCloudBus.anonymous.Wf9YNNyFTh2Qiu377MdEuw-1] o.s.c.n.eureka.InstanceInfoFactory       : Setting initial instance status as: STARTING
2017-02-01 01:42:15.129  INFO 8144 --- [springCloudBus.anonymous.Wf9YNNyFTh2Qiu377MdEuw-1] c.n.e.EurekaDiscoveryClientConfiguration : Unregistering application deneb with eureka with status DOWN
2017-02-01 01:42:15.278  INFO 8144 --- [springCloudBus.anonymous.Wf9YNNyFTh2Qiu377MdEuw-1] c.n.e.EurekaDiscoveryClientConfiguration : Registering application deneb with eureka with status UP
2017-02-01 01:42:15.280  INFO 8144 --- [springCloudBus.anonymous.Wf9YNNyFTh2Qiu377MdEuw-1] o.s.cloud.bus.event.RefreshListener      : Received remote refresh request. Keys refreshed [cygnus.sadr.pingUrl]
2017-02-01 01:42:43.365  INFO 8144 --- [springCloudBus.anonymous.Wf9YNNyFTh2Qiu377MdEuw-1] s.c.a.AnnotationConfigApplicationContext : Refreshing org.springframework.context.annotation.AnnotationConfigApplicationContext@3604ea23: startup date [Wed Feb 01 01:42:43 CET 2017]; root of context hierarchy
2017-02-01 01:42:43.389  INFO 8144 --- [springCloudBus.anonymous.Wf9YNNyFTh2Qiu377MdEuw-1] f.a.AutowiredAnnotationBeanPostProcessor : JSR-330 'javax.inject.Inject' annotation found and supported for autowiring
2017-02-01 01:42:43.418  INFO 8144 --- [springCloudBus.anonymous.Wf9YNNyFTh2Qiu377MdEuw-1] trationDelegate$BeanPostProcessorChecker : Bean 'org.springframework.retry.annotation.RetryConfiguration' of type [class org.springframework.retry.annotation.RetryConfiguration$$EnhancerBySpringCGLIB$$cfb45a5f] is not eligible for getting processed by all BeanPostProcessors (for example: not eligible for auto-proxying)
2017-02-01 01:42:43.423  INFO 8144 --- [springCloudBus.anonymous.Wf9YNNyFTh2Qiu377MdEuw-1] trationDelegate$BeanPostProcessorChecker : Bean 'configurationPropertiesRebinderAutoConfiguration' of type [class org.springframework.cloud.autoconfigure.ConfigurationPropertiesRebinderAutoConfiguration$$EnhancerBySpringCGLIB$$f60ac537] is not eligible for getting processed by all BeanPostProcessors (for example: not eligible for auto-proxying)
2017-02-01 01:42:43.921  INFO 8144 --- [springCloudBus.anonymous.Wf9YNNyFTh2Qiu377MdEuw-1] c.c.c.ConfigServicePropertySourceLocator : Fetching config from server at: http://config-server:8888
2017-02-01 01:42:44.300  INFO 8144 --- [springCloudBus.anonymous.Wf9YNNyFTh2Qiu377MdEuw-1] c.c.c.ConfigServicePropertySourceLocator : Located environment: name=deneb, profiles=[default], label=null, version=null, state=null
2017-02-01 01:42:44.300  INFO 8144 --- [springCloudBus.anonymous.Wf9YNNyFTh2Qiu377MdEuw-1] b.c.PropertySourceBootstrapConfiguration : Located property source: CompositePropertySource [name='configService', propertySources=[MapPropertySource [name='file:///D:/development/cygnus-config/deneb.yml']]]
2017-02-01 01:42:44.307  INFO 8144 --- [springCloudBus.anonymous.Wf9YNNyFTh2Qiu377MdEuw-1] o.s.boot.SpringApplication               : No active profile set, falling back to default profiles: default
2017-02-01 01:42:44.309  INFO 8144 --- [springCloudBus.anonymous.Wf9YNNyFTh2Qiu377MdEuw-1] s.c.a.AnnotationConfigApplicationContext : Refreshing org.springframework.context.annotation.AnnotationConfigApplicationContext@2a98c519: startup date [Wed Feb 01 01:42:44 CET 2017]; parent: org.springframework.context.annotation.AnnotationConfigApplicationContext@3604ea23
2017-02-01 01:42:44.313  INFO 8144 --- [springCloudBus.anonymous.Wf9YNNyFTh2Qiu377MdEuw-1] f.a.AutowiredAnnotationBeanPostProcessor : JSR-330 'javax.inject.Inject' annotation found and supported for autowiring
2017-02-01 01:42:44.331  INFO 8144 --- [springCloudBus.anonymous.Wf9YNNyFTh2Qiu377MdEuw-1] o.s.boot.SpringApplication               : Started application in 1.433 seconds (JVM running for 133.95)
2017-02-01 01:42:44.331  INFO 8144 --- [springCloudBus.anonymous.Wf9YNNyFTh2Qiu377MdEuw-1] s.c.a.AnnotationConfigApplicationContext : Closing org.springframework.context.annotation.AnnotationConfigApplicationContext@2a98c519: startup date [Wed Feb 01 01:42:44 CET 2017]; parent: org.springframework.context.annotation.AnnotationConfigApplicationContext@3604ea23
2017-02-01 01:42:44.663  INFO 8144 --- [springCloudBus.anonymous.Wf9YNNyFTh2Qiu377MdEuw-1] o.s.c.n.eureka.InstanceInfoFactory       : Setting initial instance status as: STARTING
2017-02-01 01:42:44.679  INFO 8144 --- [springCloudBus.anonymous.Wf9YNNyFTh2Qiu377MdEuw-1] c.n.e.EurekaDiscoveryClientConfiguration : Unregistering application deneb with eureka with status DOWN
2017-02-01 01:42:44.786  INFO 8144 --- [springCloudBus.anonymous.Wf9YNNyFTh2Qiu377MdEuw-1] c.n.e.EurekaDiscoveryClientConfiguration : Registering application deneb with eureka with status UP
2017-02-01 01:42:44.787  INFO 8144 --- [springCloudBus.anonymous.Wf9YNNyFTh2Qiu377MdEuw-1] o.s.cloud.bus.event.RefreshListener      : Received remote refresh request. Keys refreshed [cygnus.sadr.pingUrl]
2017-02-01 02:10:45.827 DEBUG 9464 --- [main] o.s.w.c.s.StandardServletEnvironment     : Adding [servletConfigInitParams] PropertySource with lowest search precedence
2017-02-01 02:10:45.828 DEBUG 9464 --- [main] o.s.w.c.s.StandardServletEnvironment     : Adding [servletContextInitParams] PropertySource with lowest search precedence
2017-02-01 02:10:45.828 DEBUG 9464 --- [main] o.s.w.c.s.StandardServletEnvironment     : Adding [systemProperties] PropertySource with lowest search precedence
2017-02-01 02:10:45.828 DEBUG 9464 --- [main] o.s.w.c.s.StandardServletEnvironment     : Adding [systemEnvironment] PropertySource with lowest search precedence
2017-02-01 02:10:45.829 DEBUG 9464 --- [main] o.s.w.c.s.StandardServletEnvironment     : Initialized StandardServletEnvironment with PropertySources [servletConfigInitParams,servletContextInitParams,systemProperties,systemEnvironment]
2017-02-01 02:10:45.835 DEBUG 9464 --- [main] o.s.w.c.s.StandardServletEnvironment     : Removing [defaultProperties] PropertySource
2017-02-01 02:10:45.835 DEBUG 9464 --- [main] o.s.w.c.s.StandardServletEnvironment     : Adding [defaultProperties] PropertySource with lowest search precedence
2017-02-01 02:10:45.835 DEBUG 9464 --- [main] o.s.w.c.s.StandardServletEnvironment     : Adding [applicationConfig: [classpath:/bootstrap.yml]] PropertySource with search precedence immediately higher than [defaultProperties]
2017-02-01 02:10:45.864  INFO 9464 --- [main] c.c.c.ConfigServicePropertySourceLocator : Fetching config from server at: http://config-server:8888
2017-02-01 02:10:45.886 DEBUG 9464 --- [main] o.s.web.client.RestTemplate              : Created GET request for "http://config-server:8888/deneb/default"
2017-02-01 02:10:45.950 DEBUG 9464 --- [main] o.s.web.client.RestTemplate              : Setting request Accept header to [application/json, application/*+json]
2017-02-01 02:10:46.366 DEBUG 9464 --- [main] o.s.web.client.RestTemplate              : GET request for "http://config-server:8888/deneb/default" resulted in 200 (OK)
2017-02-01 02:10:46.368 DEBUG 9464 --- [main] o.s.web.client.RestTemplate              : Reading [class org.springframework.cloud.config.environment.Environment] as "application/json;charset=UTF-8" using [org.springframework.http.converter.json.MappingJackson2HttpMessageConverter@66a02cee]
2017-02-01 02:10:46.390  INFO 9464 --- [main] c.c.c.ConfigServicePropertySourceLocator : Located environment: name=deneb, profiles=[default], label=null, version=null, state=null
2017-02-01 02:10:46.390  INFO 9464 --- [main] b.c.PropertySourceBootstrapConfiguration : Located property source: CompositePropertySource [name='configService', propertySources=[MapPropertySource [name='file:///D:/development/cygnus-config/deneb.yml']]]
2017-02-01 02:10:46.393 DEBUG 9464 --- [main] o.s.w.c.s.StandardServletEnvironment     : Adding [bootstrapProperties] PropertySource with highest search precedence
2017-02-01 02:10:46.446  INFO 9464 --- [main] c.a.cygnus.services.deneb.Application    : No active profile set, falling back to default profiles: default
2017-02-01 02:10:46.461  INFO 9464 --- [main] ationConfigEmbeddedWebApplicationContext : Refreshing org.springframework.boot.context.embedded.AnnotationConfigEmbeddedWebApplicationContext@72af852b: startup date [Wed Feb 01 02:10:46 CET 2017]; parent: org.springframework.context.annotation.AnnotationConfigApplicationContext@202481d2
2017-02-01 02:10:47.538  INFO 9464 --- [main] o.s.b.f.s.DefaultListableBeanFactory     : Overriding bean definition for bean 'hystrixFeature' with a different definition: replacing [Root bean: class [null]; scope=; abstract=false; lazyInit=false; autowireMode=3; dependencyCheck=0; autowireCandidate=true; primary=false; factoryBeanName=org.springframework.cloud.netflix.hystrix.HystrixCircuitBreakerConfiguration$HystrixWebConfiguration; factoryMethodName=hystrixFeature; initMethodName=null; destroyMethodName=(inferred); defined in class path resource [org/springframework/cloud/netflix/hystrix/HystrixCircuitBreakerConfiguration$HystrixWebConfiguration.class]] with [Root bean: class [null]; scope=; abstract=false; lazyInit=false; autowireMode=3; dependencyCheck=0; autowireCandidate=true; primary=false; factoryBeanName=org.springframework.cloud.netflix.hystrix.HystrixCircuitBreakerConfiguration; factoryMethodName=hystrixFeature; initMethodName=null; destroyMethodName=(inferred); defined in class path resource [org/springframework/cloud/netflix/hystrix/HystrixCircuitBreakerConfiguration.class]]
2017-02-01 02:10:47.714  INFO 9464 --- [main] o.s.b.f.config.PropertiesFactoryBean     : Loading properties file from URL [jar:file:/D:/development/m2/repository/org/springframework/integration/spring-integration-core/4.3.5.RELEASE/spring-integration-core-4.3.5.RELEASE.jar!/META-INF/spring.integration.default.properties]
2017-02-01 02:10:47.718  INFO 9464 --- [main] o.s.i.config.IntegrationRegistrar        : No bean named 'integrationHeaderChannelRegistry' has been explicitly defined. Therefore, a default DefaultHeaderChannelRegistry will be created.
2017-02-01 02:10:47.918  WARN 9464 --- [main] o.s.c.a.ConfigurationClassPostProcessor  : Cannot enhance @Configuration bean definition 'refreshScope' since its singleton instance has been created too early. The typical cause is a non-static @Bean method with a BeanDefinitionRegistryPostProcessor return type: Consider declaring such methods as 'static'.
2017-02-01 02:10:48.091  INFO 9464 --- [main] o.s.cloud.context.scope.GenericScope     : BeanFactory id=964d6b5c-3459-3e8c-9bf3-9744a83b35f4
2017-02-01 02:10:48.098  INFO 9464 --- [main] faultConfiguringBeanFactoryPostProcessor : No bean named 'errorChannel' has been explicitly defined. Therefore, a default PublishSubscribeChannel will be created.
2017-02-01 02:10:48.102  INFO 9464 --- [main] faultConfiguringBeanFactoryPostProcessor : No bean named 'taskScheduler' has been explicitly defined. Therefore, a default ThreadPoolTaskScheduler will be created.
2017-02-01 02:10:48.113  INFO 9464 --- [main] f.a.AutowiredAnnotationBeanPostProcessor : JSR-330 'javax.inject.Inject' annotation found and supported for autowiring
2017-02-01 02:10:48.124  INFO 9464 --- [main] trationDelegate$BeanPostProcessorChecker : Bean 'org.springframework.amqp.rabbit.annotation.RabbitBootstrapConfiguration' of type [class org.springframework.amqp.rabbit.annotation.RabbitBootstrapConfiguration$$EnhancerBySpringCGLIB$$92b0f8ec] is not eligible for getting processed by all BeanPostProcessors (for example: not eligible for auto-proxying)
2017-02-01 02:10:48.466  INFO 9464 --- [main] trationDelegate$BeanPostProcessorChecker : Bean 'org.springframework.cloud.netflix.metrics.MetricsInterceptorConfiguration$MetricsRestTemplateConfiguration' of type [class org.springframework.cloud.netflix.metrics.MetricsInterceptorConfiguration$MetricsRestTemplateConfiguration$$EnhancerBySpringCGLIB$$fe71e0ff] is not eligible for getting processed by all BeanPostProcessors (for example: not eligible for auto-proxying)
2017-02-01 02:10:48.524  INFO 9464 --- [main] o.s.b.f.config.PropertiesFactoryBean     : Loading properties file from URL [jar:file:/D:/development/m2/repository/org/springframework/integration/spring-integration-core/4.3.5.RELEASE/spring-integration-core-4.3.5.RELEASE.jar!/META-INF/spring.integration.default.properties]
2017-02-01 02:10:48.525  INFO 9464 --- [main] trationDelegate$BeanPostProcessorChecker : Bean 'integrationGlobalProperties' of type [class org.springframework.beans.factory.config.PropertiesFactoryBean] is not eligible for getting processed by all BeanPostProcessors (for example: not eligible for auto-proxying)
2017-02-01 02:10:48.534  INFO 9464 --- [main] trationDelegate$BeanPostProcessorChecker : Bean 'integrationGlobalProperties' of type [class java.util.Properties] is not eligible for getting processed by all BeanPostProcessors (for example: not eligible for auto-proxying)
2017-02-01 02:10:48.612  INFO 9464 --- [main] trationDelegate$BeanPostProcessorChecker : Bean 'org.springframework.cloud.autoconfigure.ConfigurationPropertiesRebinderAutoConfiguration' of type [class org.springframework.cloud.autoconfigure.ConfigurationPropertiesRebinderAutoConfiguration$$EnhancerBySpringCGLIB$$e85f3dbb] is not eligible for getting processed by all BeanPostProcessors (for example: not eligible for auto-proxying)
2017-02-01 02:10:48.628  INFO 9464 --- [main] trationDelegate$BeanPostProcessorChecker : Bean 'org.springframework.cloud.stream.config.ChannelBindingServiceConfiguration$PostProcessorConfiguration' of type [class org.springframework.cloud.stream.config.ChannelBindingServiceConfiguration$PostProcessorConfiguration$$EnhancerBySpringCGLIB$$c40fd34a] is not eligible for getting processed by all BeanPostProcessors (for example: not eligible for auto-proxying)
2017-02-01 02:10:49.028  INFO 9464 --- [main] org.xnio                                 : XNIO version 3.3.6.Final
2017-02-01 02:10:49.056  INFO 9464 --- [main] org.xnio.nio                             : XNIO NIO Implementation Version 3.3.6.Final
2017-02-01 02:10:49.113  WARN 9464 --- [main] io.undertow.websockets.jsr               : UT026009: XNIO worker was not set on WebSocketDeploymentInfo, the default worker will be used
2017-02-01 02:10:49.113  WARN 9464 --- [main] io.undertow.websockets.jsr               : UT026010: Buffer pool was not set on WebSocketDeploymentInfo, the default pool will be used
2017-02-01 02:10:49.133  INFO 9464 --- [main] io.undertow.servlet                      : Initializing Spring embedded WebApplicationContext
2017-02-01 02:10:49.133  INFO 9464 --- [main] o.s.web.context.ContextLoader            : Root WebApplicationContext: initialization completed in 2672 ms
2017-02-01 02:10:49.963  INFO 9464 --- [main] o.s.b.w.servlet.ServletRegistrationBean  : Mapping servlet: 'dispatcherServlet' to [/]
2017-02-01 02:10:49.969  INFO 9464 --- [main] o.s.b.w.servlet.FilterRegistrationBean   : Mapping filter: 'metricsFilter' to: [/*]
2017-02-01 02:10:49.970  INFO 9464 --- [main] o.s.b.w.servlet.FilterRegistrationBean   : Mapping filter: 'characterEncodingFilter' to: [/*]
2017-02-01 02:10:49.971  INFO 9464 --- [main] o.s.b.w.servlet.FilterRegistrationBean   : Mapping filter: 'hiddenHttpMethodFilter' to: [/*]
2017-02-01 02:10:49.971  INFO 9464 --- [main] o.s.b.w.servlet.FilterRegistrationBean   : Mapping filter: 'httpPutFormContentFilter' to: [/*]
2017-02-01 02:10:49.971  INFO 9464 --- [main] o.s.b.w.servlet.FilterRegistrationBean   : Mapping filter: 'requestContextFilter' to: [/*]
2017-02-01 02:10:49.971  INFO 9464 --- [main] o.s.b.w.servlet.FilterRegistrationBean   : Mapping filter: 'webRequestLoggingFilter' to: [/*]
2017-02-01 02:10:49.971  INFO 9464 --- [main] o.s.b.w.servlet.FilterRegistrationBean   : Mapping filter: 'applicationContextIdFilter' to: [/*]
2017-02-01 02:10:51.372  INFO 9464 --- [main] s.w.s.m.m.a.RequestMappingHandlerMapping : Mapped "{[/deneb/pingSadr],methods=[POST]}" onto public com.atsistemas.cygnus.model.PingResponse com.atsistemas.cygnus.services.deneb.DenebController.pingSadr(com.atsistemas.cygnus.model.PingRequest)
2017-02-01 02:10:51.374  INFO 9464 --- [main] s.w.s.m.m.a.RequestMappingHandlerMapping : Mapped "{[/deneb/ping],methods=[POST]}" onto public com.atsistemas.cygnus.model.PingResponse com.atsistemas.cygnus.services.deneb.DenebController.ping(com.atsistemas.cygnus.model.PingRequest)
2017-02-01 02:10:51.374  INFO 9464 --- [main] s.w.s.m.m.a.RequestMappingHandlerMapping : Mapped "{[/v2/api-docs],methods=[GET],produces=[application/json || application/hal+json]}" onto public org.springframework.http.ResponseEntity<springfox.documentation.spring.web.json.Json> springfox.documentation.swagger2.web.Swagger2Controller.getDocumentation(java.lang.String,javax.servlet.http.HttpServletRequest)
2017-02-01 02:10:51.377  INFO 9464 --- [main] s.w.s.m.m.a.RequestMappingHandlerMapping : Mapped "{[/swagger-resources/configuration/ui]}" onto org.springframework.http.ResponseEntity<springfox.documentation.swagger.web.UiConfiguration> springfox.documentation.swagger.web.ApiResourceController.uiConfiguration()
2017-02-01 02:10:51.378  INFO 9464 --- [main] s.w.s.m.m.a.RequestMappingHandlerMapping : Mapped "{[/swagger-resources]}" onto org.springframework.http.ResponseEntity<java.util.List<springfox.documentation.swagger.web.SwaggerResource>> springfox.documentation.swagger.web.ApiResourceController.swaggerResources()
2017-02-01 02:10:51.379  INFO 9464 --- [main] s.w.s.m.m.a.RequestMappingHandlerMapping : Mapped "{[/swagger-resources/configuration/security]}" onto org.springframework.http.ResponseEntity<springfox.documentation.swagger.web.SecurityConfiguration> springfox.documentation.swagger.web.ApiResourceController.securityConfiguration()
2017-02-01 02:10:51.381  INFO 9464 --- [main] s.w.s.m.m.a.RequestMappingHandlerMapping : Mapped "{[/error]}" onto public org.springframework.http.ResponseEntity<java.util.Map<java.lang.String, java.lang.Object>> org.springframework.boot.autoconfigure.web.BasicErrorController.error(javax.servlet.http.HttpServletRequest)
2017-02-01 02:10:51.381  INFO 9464 --- [main] s.w.s.m.m.a.RequestMappingHandlerMapping : Mapped "{[/error],produces=[text/html]}" onto public org.springframework.web.servlet.ModelAndView org.springframework.boot.autoconfigure.web.BasicErrorController.errorHtml(javax.servlet.http.HttpServletRequest,javax.servlet.http.HttpServletResponse)
2017-02-01 02:10:51.473  WARN 9464 --- [main] c.n.c.sources.URLConfigurationSource     : No URLs will be polled as dynamic configuration sources.
2017-02-01 02:10:51.473  INFO 9464 --- [main] c.n.c.sources.URLConfigurationSource     : To enable URLs as dynamic configuration sources, define System property archaius.configurationSource.additionalUrls or make config.properties available on classpath.
2017-02-01 02:10:51.480  INFO 9464 --- [main] c.netflix.config.DynamicPropertyFactory  : DynamicPropertyFactory is initialized with configuration sources: com.netflix.config.ConcurrentCompositeConfiguration@635ace44
2017-02-01 02:10:53.179  INFO 9464 --- [main] o.s.b.a.e.mvc.EndpointHandlerMapping     : Mapped "{[/info || /info.json],methods=[GET],produces=[application/json]}" onto public java.lang.Object org.springframework.boot.actuate.endpoint.mvc.EndpointMvcAdapter.invoke()
2017-02-01 02:10:53.180  INFO 9464 --- [main] o.s.b.a.e.mvc.EndpointHandlerMapping     : Mapped "{[/pause || /pause.json],methods=[POST]}" onto public java.lang.Object org.springframework.cloud.endpoint.GenericPostableMvcEndpoint.invoke()
2017-02-01 02:10:53.181  INFO 9464 --- [main] o.s.b.a.e.mvc.EndpointHandlerMapping     : Mapped "{[/resume || /resume.json],methods=[POST]}" onto public java.lang.Object org.springframework.cloud.endpoint.GenericPostableMvcEndpoint.invoke()
2017-02-01 02:10:53.182  INFO 9464 --- [main] o.s.b.a.e.mvc.EndpointHandlerMapping     : Mapped "{[/autoconfig || /autoconfig.json],methods=[GET],produces=[application/json]}" onto public java.lang.Object org.springframework.boot.actuate.endpoint.mvc.EndpointMvcAdapter.invoke()
2017-02-01 02:10:53.183  INFO 9464 --- [main] o.s.b.a.e.mvc.EndpointHandlerMapping     : Mapped "{[/refresh || /refresh.json],methods=[POST]}" onto public java.lang.Object org.springframework.cloud.endpoint.GenericPostableMvcEndpoint.invoke()
2017-02-01 02:10:53.184  INFO 9464 --- [main] o.s.b.a.e.mvc.EndpointHandlerMapping     : Mapped "{[/dump || /dump.json],methods=[GET],produces=[application/json]}" onto public java.lang.Object org.springframework.boot.actuate.endpoint.mvc.EndpointMvcAdapter.invoke()
2017-02-01 02:10:53.185  INFO 9464 --- [main] o.s.b.a.e.mvc.EndpointHandlerMapping     : Mapped "{[/health || /health.json],produces=[application/json]}" onto public java.lang.Object org.springframework.boot.actuate.endpoint.mvc.HealthMvcEndpoint.invoke(java.security.Principal)
2017-02-01 02:10:53.185  INFO 9464 --- [main] o.s.b.a.e.mvc.EndpointHandlerMapping     : Mapped "{[/env],methods=[POST]}" onto public java.lang.Object org.springframework.cloud.context.environment.EnvironmentManagerMvcEndpoint.value(java.util.Map<java.lang.String, java.lang.String>)
2017-02-01 02:10:53.185  INFO 9464 --- [main] o.s.b.a.e.mvc.EndpointHandlerMapping     : Mapped "{[/env/reset],methods=[POST]}" onto public java.util.Map<java.lang.String, java.lang.Object> org.springframework.cloud.context.environment.EnvironmentManagerMvcEndpoint.reset()
2017-02-01 02:10:53.186  INFO 9464 --- [main] o.s.b.a.e.mvc.EndpointHandlerMapping     : Mapped "{[/beans || /beans.json],methods=[GET],produces=[application/json]}" onto public java.lang.Object org.springframework.boot.actuate.endpoint.mvc.EndpointMvcAdapter.invoke()
2017-02-01 02:10:53.187  INFO 9464 --- [main] o.s.b.a.e.mvc.EndpointHandlerMapping     : Mapped "{[/logfile || /logfile.json],methods=[GET || HEAD]}" onto public void org.springframework.boot.actuate.endpoint.mvc.LogFileMvcEndpoint.invoke(javax.servlet.http.HttpServletRequest,javax.servlet.http.HttpServletResponse) throws javax.servlet.ServletException,java.io.IOException
2017-02-01 02:10:53.189  INFO 9464 --- [main] o.s.b.a.e.mvc.EndpointHandlerMapping     : Mapped "{[/mappings || /mappings.json],methods=[GET],produces=[application/json]}" onto public java.lang.Object org.springframework.boot.actuate.endpoint.mvc.EndpointMvcAdapter.invoke()
2017-02-01 02:10:53.189  INFO 9464 --- [main] o.s.b.a.e.mvc.EndpointHandlerMapping     : Mapped "{[/configprops || /configprops.json],methods=[GET],produces=[application/json]}" onto public java.lang.Object org.springframework.boot.actuate.endpoint.mvc.EndpointMvcAdapter.invoke()
2017-02-01 02:10:53.190  INFO 9464 --- [main] o.s.b.a.e.mvc.EndpointHandlerMapping     : Mapped "{[/bus/env],methods=[POST]}" onto public void org.springframework.cloud.bus.endpoint.EnvironmentBusEndpoint.env(java.util.Map<java.lang.String, java.lang.String>,java.lang.String)
2017-02-01 02:10:53.191  INFO 9464 --- [main] o.s.b.a.e.mvc.EndpointHandlerMapping     : Mapped "{[/features || /features.json],methods=[GET],produces=[application/json]}" onto public java.lang.Object org.springframework.boot.actuate.endpoint.mvc.EndpointMvcAdapter.invoke()
2017-02-01 02:10:53.193  INFO 9464 --- [main] o.s.b.a.e.mvc.EndpointHandlerMapping     : Mapped "{[/archaius || /archaius.json],methods=[GET],produces=[application/json]}" onto public java.lang.Object org.springframework.boot.actuate.endpoint.mvc.EndpointMvcAdapter.invoke()
2017-02-01 02:10:53.193  INFO 9464 --- [main] o.s.b.a.e.mvc.EndpointHandlerMapping     : Mapped "{[/hystrix.stream/**]}" onto public org.springframework.web.servlet.ModelAndView org.springframework.cloud.netflix.endpoint.ServletWrappingEndpoint.handle(javax.servlet.http.HttpServletRequest,javax.servlet.http.HttpServletResponse) throws java.lang.Exception
2017-02-01 02:10:53.194  INFO 9464 --- [main] o.s.b.a.e.mvc.EndpointHandlerMapping     : Mapped "{[/env/{name:.*}],methods=[GET],produces=[application/json]}" onto public java.lang.Object org.springframework.boot.actuate.endpoint.mvc.EnvironmentMvcEndpoint.value(java.lang.String)
2017-02-01 02:10:53.195  INFO 9464 --- [main] o.s.b.a.e.mvc.EndpointHandlerMapping     : Mapped "{[/env || /env.json],methods=[GET],produces=[application/json]}" onto public java.lang.Object org.springframework.boot.actuate.endpoint.mvc.EndpointMvcAdapter.invoke()
2017-02-01 02:10:53.195  INFO 9464 --- [main] o.s.b.a.e.mvc.EndpointHandlerMapping     : Mapped "{[/heapdump || /heapdump.json],methods=[GET],produces=[application/octet-stream]}" onto public void org.springframework.boot.actuate.endpoint.mvc.HeapdumpMvcEndpoint.invoke(boolean,javax.servlet.http.HttpServletRequest,javax.servlet.http.HttpServletResponse) throws java.io.IOException,javax.servlet.ServletException
2017-02-01 02:10:53.196  INFO 9464 --- [main] o.s.b.a.e.mvc.EndpointHandlerMapping     : Mapped "{[/bus/refresh],methods=[POST]}" onto public void org.springframework.cloud.bus.endpoint.RefreshBusEndpoint.refresh(java.lang.String)
2017-02-01 02:10:53.197  INFO 9464 --- [main] o.s.b.a.e.mvc.EndpointHandlerMapping     : Mapped "{[/metrics/{name:.*}],methods=[GET],produces=[application/json]}" onto public java.lang.Object org.springframework.boot.actuate.endpoint.mvc.MetricsMvcEndpoint.value(java.lang.String)
2017-02-01 02:10:53.197  INFO 9464 --- [main] o.s.b.a.e.mvc.EndpointHandlerMapping     : Mapped "{[/metrics || /metrics.json],methods=[GET],produces=[application/json]}" onto public java.lang.Object org.springframework.boot.actuate.endpoint.mvc.EndpointMvcAdapter.invoke()
2017-02-01 02:10:53.197  INFO 9464 --- [main] o.s.b.a.e.mvc.EndpointHandlerMapping     : Mapped "{[/restart || /restart.json],methods=[POST]}" onto public java.lang.Object org.springframework.cloud.context.restart.RestartMvcEndpoint.invoke()
2017-02-01 02:10:53.198  INFO 9464 --- [main] o.s.b.a.e.mvc.EndpointHandlerMapping     : Mapped "{[/trace || /trace.json],methods=[GET],produces=[application/json]}" onto public java.lang.Object org.springframework.boot.actuate.endpoint.mvc.EndpointMvcAdapter.invoke()
2017-02-01 02:10:53.637  INFO 9464 --- [main] s.w.s.m.m.a.RequestMappingHandlerAdapter : Looking for @ControllerAdvice: org.springframework.boot.context.embedded.AnnotationConfigEmbeddedWebApplicationContext@72af852b: startup date [Wed Feb 01 02:10:46 CET 2017]; parent: org.springframework.context.annotation.AnnotationConfigApplicationContext@202481d2
2017-02-01 02:10:53.781  INFO 9464 --- [main] o.s.w.s.handler.SimpleUrlHandlerMapping  : Mapped URL path [/webjars/**] onto handler of type [class org.springframework.web.servlet.resource.ResourceHttpRequestHandler]
2017-02-01 02:10:53.782  INFO 9464 --- [main] o.s.w.s.handler.SimpleUrlHandlerMapping  : Mapped URL path [/**] onto handler of type [class org.springframework.web.servlet.resource.ResourceHttpRequestHandler]
2017-02-01 02:10:53.866  INFO 9464 --- [main] o.s.w.s.handler.SimpleUrlHandlerMapping  : Mapped URL path [/**/favicon.ico] onto handler of type [class org.springframework.web.servlet.resource.ResourceHttpRequestHandler]
2017-02-01 02:10:53.920  INFO 9464 --- [main] oConfiguration$WelcomePageHandlerMapping : Adding welcome page: class path resource [static/index.html]
2017-02-01 02:10:54.284  INFO 9464 --- [main] o.s.s.c.ThreadPoolTaskScheduler          : Initializing ExecutorService  'taskScheduler'
2017-02-01 02:10:54.877  INFO 9464 --- [main] o.s.integration.channel.DirectChannel    : Channel 'deneb:2221.springCloudBusInput' has 1 subscriber(s).
2017-02-01 02:10:55.012  WARN 9464 --- [main] c.n.c.sources.URLConfigurationSource     : No URLs will be polled as dynamic configuration sources.
2017-02-01 02:10:55.012  INFO 9464 --- [main] c.n.c.sources.URLConfigurationSource     : To enable URLs as dynamic configuration sources, define System property archaius.configurationSource.additionalUrls or make config.properties available on classpath.
2017-02-01 02:10:55.111  INFO 9464 --- [main] o.s.i.codec.kryo.CompositeKryoRegistrar  : configured Kryo registration [40, java.io.File] with serializer org.springframework.integration.codec.kryo.FileSerializer
2017-02-01 02:10:55.305  INFO 9464 --- [main] o.s.j.e.a.AnnotationMBeanExporter        : Registering beans for JMX exposure on startup
2017-02-01 02:10:55.316  INFO 9464 --- [main] o.s.j.e.a.AnnotationMBeanExporter        : Bean with name 'refreshScope' has been autodetected for JMX exposure
2017-02-01 02:10:55.317  INFO 9464 --- [main] o.s.j.e.a.AnnotationMBeanExporter        : Bean with name 'environmentManager' has been autodetected for JMX exposure
2017-02-01 02:10:55.318  INFO 9464 --- [main] o.s.j.e.a.AnnotationMBeanExporter        : Bean with name 'rabbitConnectionFactory' has been autodetected for JMX exposure
2017-02-01 02:10:55.319  INFO 9464 --- [main] o.s.j.e.a.AnnotationMBeanExporter        : Bean with name 'integrationMbeanExporter' has been autodetected for JMX exposure
2017-02-01 02:10:55.321  INFO 9464 --- [main] o.s.j.e.a.AnnotationMBeanExporter        : Bean with name 'configurationPropertiesRebinder' has been autodetected for JMX exposure
2017-02-01 02:10:55.321  INFO 9464 --- [main] o.s.j.e.a.AnnotationMBeanExporter        : Bean with name 'refreshEndpoint' has been autodetected for JMX exposure
2017-02-01 02:10:55.322  INFO 9464 --- [main] o.s.j.e.a.AnnotationMBeanExporter        : Bean with name 'restartEndpoint' has been autodetected for JMX exposure
2017-02-01 02:10:55.326  INFO 9464 --- [main] o.s.j.e.a.AnnotationMBeanExporter        : Located managed bean 'environmentManager': registering with JMX server as MBean [org.springframework.cloud.context.environment:name=environmentManager,type=EnvironmentManager]
2017-02-01 02:10:55.345  INFO 9464 --- [main] o.s.j.e.a.AnnotationMBeanExporter        : Located managed bean 'restartEndpoint': registering with JMX server as MBean [org.springframework.cloud.context.restart:name=restartEndpoint,type=RestartEndpoint]
2017-02-01 02:10:55.367  INFO 9464 --- [main] o.s.j.e.a.AnnotationMBeanExporter        : Located managed bean 'refreshScope': registering with JMX server as MBean [org.springframework.cloud.context.scope.refresh:name=refreshScope,type=RefreshScope]
2017-02-01 02:10:55.384  INFO 9464 --- [main] o.s.j.e.a.AnnotationMBeanExporter        : Located managed bean 'integrationMbeanExporter': registering with JMX server as MBean [org.springframework.integration.monitor:name=integrationMbeanExporter,type=IntegrationMBeanExporter]
2017-02-01 02:10:55.412  INFO 9464 --- [main] o.s.j.e.a.AnnotationMBeanExporter        : Located managed bean 'configurationPropertiesRebinder': registering with JMX server as MBean [org.springframework.cloud.context.properties:name=configurationPropertiesRebinder,context=72af852b,type=ConfigurationPropertiesRebinder]
2017-02-01 02:10:55.416  INFO 9464 --- [main] o.s.j.e.a.AnnotationMBeanExporter        : Located managed bean 'rabbitConnectionFactory': registering with JMX server as MBean [org.springframework.amqp.rabbit.connection:name=rabbitConnectionFactory,type=CachingConnectionFactory]
2017-02-01 02:10:55.424  INFO 9464 --- [main] o.s.j.e.a.AnnotationMBeanExporter        : Located managed bean 'refreshEndpoint': registering with JMX server as MBean [org.springframework.cloud.endpoint:name=refreshEndpoint,type=RefreshEndpoint]
2017-02-01 02:10:55.429  INFO 9464 --- [main] o.s.i.monitor.IntegrationMBeanExporter   : Registering beans for JMX exposure on startup
2017-02-01 02:10:55.431  INFO 9464 --- [main] o.s.i.monitor.IntegrationMBeanExporter   : Registering MessageChannel nullChannel
2017-02-01 02:10:55.435  INFO 9464 --- [main] o.s.i.monitor.IntegrationMBeanExporter   : Located managed bean 'org.springframework.integration:type=MessageChannel,name=nullChannel': registering with JMX server as MBean [org.springframework.integration:type=MessageChannel,name=nullChannel]
2017-02-01 02:10:55.448  INFO 9464 --- [main] o.s.i.monitor.IntegrationMBeanExporter   : Registering MessageChannel springCloudBusOutput
2017-02-01 02:10:55.450  INFO 9464 --- [main] o.s.i.monitor.IntegrationMBeanExporter   : Located managed bean 'org.springframework.integration:type=MessageChannel,name=springCloudBusOutput': registering with JMX server as MBean [org.springframework.integration:type=MessageChannel,name=springCloudBusOutput]
2017-02-01 02:10:55.486  INFO 9464 --- [main] o.s.i.monitor.IntegrationMBeanExporter   : Registering MessageChannel springCloudBusInput
2017-02-01 02:10:55.488  INFO 9464 --- [main] o.s.i.monitor.IntegrationMBeanExporter   : Located managed bean 'org.springframework.integration:type=MessageChannel,name=springCloudBusInput': registering with JMX server as MBean [org.springframework.integration:type=MessageChannel,name=springCloudBusInput]
2017-02-01 02:10:55.500  INFO 9464 --- [main] o.s.i.monitor.IntegrationMBeanExporter   : Registering MessageChannel errorChannel
2017-02-01 02:10:55.502  INFO 9464 --- [main] o.s.i.monitor.IntegrationMBeanExporter   : Located managed bean 'org.springframework.integration:type=MessageChannel,name=errorChannel': registering with JMX server as MBean [org.springframework.integration:type=MessageChannel,name=errorChannel]
2017-02-01 02:10:55.537  INFO 9464 --- [main] o.s.i.monitor.IntegrationMBeanExporter   : Located managed bean 'org.springframework.integration:type=MessageHandler,name=errorLogger,bean=internal': registering with JMX server as MBean [org.springframework.integration:type=MessageHandler,name=errorLogger,bean=internal]
2017-02-01 02:10:55.781  INFO 9464 --- [main] o.s.c.support.DefaultLifecycleProcessor  : Starting beans in phase -2147482648
2017-02-01 02:10:56.134  INFO 9464 --- [main] s.c.a.AnnotationConfigApplicationContext : Refreshing org.springframework.context.annotation.AnnotationConfigApplicationContext@22e4111b: startup date [Wed Feb 01 02:10:56 CET 2017]; root of context hierarchy
2017-02-01 02:10:56.151  INFO 9464 --- [main] f.a.AutowiredAnnotationBeanPostProcessor : JSR-330 'javax.inject.Inject' annotation found and supported for autowiring
2017-02-01 02:10:56.158  INFO 9464 --- [main] trationDelegate$BeanPostProcessorChecker : Bean 'org.springframework.retry.annotation.RetryConfiguration' of type [class org.springframework.retry.annotation.RetryConfiguration$$EnhancerBySpringCGLIB$$c208d2e3] is not eligible for getting processed by all BeanPostProcessors (for example: not eligible for auto-proxying)
2017-02-01 02:10:56.159  INFO 9464 --- [main] trationDelegate$BeanPostProcessorChecker : Bean 'configurationPropertiesRebinderAutoConfiguration' of type [class org.springframework.cloud.autoconfigure.ConfigurationPropertiesRebinderAutoConfiguration$$EnhancerBySpringCGLIB$$e85f3dbb] is not eligible for getting processed by all BeanPostProcessors (for example: not eligible for auto-proxying)
2017-02-01 02:10:56.583  INFO 9464 --- [main] c.c.c.ConfigServicePropertySourceLocator : Fetching config from server at: http://config-server:8888
2017-02-01 02:10:56.987  INFO 9464 --- [main] c.c.c.ConfigServicePropertySourceLocator : Located environment: name=deneb, profiles=[default], label=null, version=null, state=null
2017-02-01 02:10:56.988  INFO 9464 --- [main] b.c.PropertySourceBootstrapConfiguration : Located property source: CompositePropertySource [name='configService', propertySources=[MapPropertySource [name='file:///D:/development/cygnus-config/deneb.yml']]]
2017-02-01 02:10:56.996  INFO 9464 --- [main] c.a.cygnus.services.deneb.Application    : No active profile set, falling back to default profiles: default
2017-02-01 02:10:57.005  INFO 9464 --- [main] s.c.a.AnnotationConfigApplicationContext : Refreshing org.springframework.context.annotation.AnnotationConfigApplicationContext@5493a633: startup date [Wed Feb 01 02:10:57 CET 2017]; parent: org.springframework.boot.context.embedded.AnnotationConfigEmbeddedWebApplicationContext@72af852b
2017-02-01 02:10:57.037  INFO 9464 --- [main] f.a.AutowiredAnnotationBeanPostProcessor : JSR-330 'javax.inject.Inject' annotation found and supported for autowiring
2017-02-01 02:10:57.124  INFO 9464 --- [main] o.s.c.support.GenericApplicationContext  : Refreshing org.springframework.context.support.GenericApplicationContext@3ffca11b: startup date [Wed Feb 01 02:10:57 CET 2017]; root of context hierarchy
2017-02-01 02:10:57.168  INFO 9464 --- [main] c.a.cygnus.services.deneb.Application    : Started Application in 1.361 seconds (JVM running for 19.499)
2017-02-01 02:10:57.251  INFO 9464 --- [main] o.s.a.r.c.CachingConnectionFactory       : Created new connection: SimpleConnection@6369ddf2 [delegate=amqp://guest@127.0.0.1:5672/, localPort= 51966]
2017-02-01 02:10:57.286  INFO 9464 --- [main] o.s.integration.channel.DirectChannel    : Channel 'deneb:2221.springCloudBusOutput' has 1 subscriber(s).
2017-02-01 02:10:57.286  INFO 9464 --- [main] o.s.c.support.DefaultLifecycleProcessor  : Starting beans in phase 0
2017-02-01 02:10:57.295  INFO 9464 --- [main] o.s.c.n.eureka.InstanceInfoFactory       : Setting initial instance status as: STARTING
2017-02-01 02:10:58.182  INFO 9464 --- [main] c.n.e.EurekaDiscoveryClientConfiguration : Registering application deneb with eureka with status UP
2017-02-01 02:10:58.240  INFO 9464 --- [main] o.s.i.endpoint.EventDrivenConsumer       : Adding {logging-channel-adapter:_org.springframework.integration.errorLogger} as a subscriber to the 'errorChannel' channel
2017-02-01 02:10:58.241  INFO 9464 --- [main] o.s.i.channel.PublishSubscribeChannel    : Channel 'deneb:2221.errorChannel' has 1 subscriber(s).
2017-02-01 02:10:58.241  INFO 9464 --- [main] o.s.i.endpoint.EventDrivenConsumer       : started _org.springframework.integration.errorLogger
2017-02-01 02:10:58.241  INFO 9464 --- [main] o.s.c.support.DefaultLifecycleProcessor  : Starting beans in phase 2147482647
2017-02-01 02:10:58.255  INFO 9464 --- [main] o.s.c.s.b.r.RabbitMessageChannelBinder   : declaring queue for inbound: springCloudBus.anonymous.44LwdF_GQDmn1NeNrgjiiA, bound to: springCloudBus
2017-02-01 02:10:58.298  INFO 9464 --- [main] o.s.i.a.i.AmqpInboundChannelAdapter      : started inbound.springCloudBus.anonymous.ZNx26ltzSlizJ9bLO2PYxQ
2017-02-01 02:10:58.298  INFO 9464 --- [main] o.s.i.endpoint.EventDrivenConsumer       : Adding {message-handler:inbound.springCloudBus.default} as a subscriber to the 'bridge.springCloudBus' channel
2017-02-01 02:10:58.298  INFO 9464 --- [main] o.s.i.endpoint.EventDrivenConsumer       : started inbound.springCloudBus.default
2017-02-01 02:10:58.299  INFO 9464 --- [main] o.s.c.support.DefaultLifecycleProcessor  : Starting beans in phase 2147483647
2017-02-01 02:10:58.299  INFO 9464 --- [main] d.s.w.p.DocumentationPluginsBootstrapper : Context refreshed
2017-02-01 02:10:58.314  INFO 9464 --- [main] d.s.w.p.DocumentationPluginsBootstrapper : Found 1 custom documentation plugin(s)
2017-02-01 02:10:58.335  INFO 9464 --- [main] s.d.s.w.s.ApiListingReferenceScanner     : Scanning for api listing references
2017-02-01 02:10:58.466  INFO 9464 --- [main] ration$HystrixMetricsPollerConfiguration : Starting poller
2017-02-01 02:10:58.549  INFO 9464 --- [main] b.c.e.u.UndertowEmbeddedServletContainer : Undertow started on port(s) 2221 (http)
2017-02-01 02:10:58.550  INFO 9464 --- [main] c.n.e.EurekaDiscoveryClientConfiguration : Updating port to 2221
2017-02-01 02:10:58.554  INFO 9464 --- [main] c.a.cygnus.services.deneb.Application    : Started Application in 14.886 seconds (JVM running for 20.885)
2017-02-01 02:11:25.872  INFO 9464 --- [XNIO-2 task-1] io.undertow.servlet                      : Initializing Spring FrameworkServlet 'dispatcherServlet'
2017-02-01 02:11:25.873  INFO 9464 --- [XNIO-2 task-1] o.s.web.servlet.DispatcherServlet        : FrameworkServlet 'dispatcherServlet': initialization started
2017-02-01 02:11:25.913  INFO 9464 --- [XNIO-2 task-1] o.s.web.servlet.DispatcherServlet        : FrameworkServlet 'dispatcherServlet': initialization completed in 39 ms
2017-02-01 02:11:25.960  INFO 9464 --- [XNIO-2 task-1] c.c.c.ConfigServicePropertySourceLocator : Fetching config from server at: http://config-server:8888
2017-02-01 02:11:26.519  INFO 9464 --- [XNIO-2 task-1] c.c.c.ConfigServicePropertySourceLocator : Located environment: name=deneb, profiles=[default], label=null, version=null, state=null
